<?xml version="1.0" encoding="UTF-8"?>
<testsuites name="jest tests" tests="1" failures="1" errors="0" time="23.077">
  <testsuite name="text node function" errors="0" failures="1" skipped="0" timestamp="2022-03-07T09:58:20" time="22.463" tests="1">
    <testcase classname="text node function test text display" name="text node function test text display" time="20.001">
      <failure>Error: thrown: &quot;Exceeded timeout of 20000 ms for a test.
Use jest.setTimeout(newTimeout) to increase the timeout value, if this is a long-running test.&quot;
    at /Users/admin/workspace/github/EzWebComponents/test/components/ez-widget/index.test.ts:7:3
    at _dispatchDescribe (/Users/admin/workspace/github/EzWebComponents/node_modules/jest-circus/build/index.js:98:26)
    at describe (/Users/admin/workspace/github/EzWebComponents/node_modules/jest-circus/build/index.js:60:5)
    at Object.&lt;anonymous&gt; (/Users/admin/workspace/github/EzWebComponents/test/components/ez-widget/index.test.ts:6:1)
    at Runtime._execModule (/Users/admin/workspace/github/EzWebComponents/node_modules/jest-runtime/build/index.js:1646:24)
    at Runtime._loadModule (/Users/admin/workspace/github/EzWebComponents/node_modules/jest-runtime/build/index.js:1185:12)
    at Runtime.requireModule (/Users/admin/workspace/github/EzWebComponents/node_modules/jest-runtime/build/index.js:1009:12)
    at jestAdapter (/Users/admin/workspace/github/EzWebComponents/node_modules/jest-circus/build/legacy-code-todo-rewrite/jestAdapter.js:79:13)
    at processTicksAndRejections (internal/process/task_queues.js:95:5)
    at runTestInternal (/Users/admin/workspace/github/EzWebComponents/node_modules/jest-runner/build/runTest.js:389:16)
    at runTest (/Users/admin/workspace/github/EzWebComponents/node_modules/jest-runner/build/runTest.js:475:34)
    at TestRunner.runTests (/Users/admin/workspace/github/EzWebComponents/node_modules/jest-runner/build/index.js:101:12)
    at TestScheduler.scheduleTests (/Users/admin/workspace/github/EzWebComponents/node_modules/@jest/core/build/TestScheduler.js:333:13)
    at runJest (/Users/admin/workspace/github/EzWebComponents/node_modules/@jest/core/build/runJest.js:404:19)
    at _run10000 (/Users/admin/workspace/github/EzWebComponents/node_modules/@jest/core/build/cli/index.js:320:7)
    at runCLI (/Users/admin/workspace/github/EzWebComponents/node_modules/@jest/core/build/cli/index.js:173:3)
    at Object.run (/Users/admin/workspace/github/EzWebComponents/node_modules/jest-cli/build/cli/index.js:155:37)</failure>
    </testcase>
  </testsuite>
</testsuites>