<?xml version="1.0" encoding="UTF-8"?>
<testsuites name="jest tests" tests="1" failures="0" errors="0" time="2.881">
  <testsuite name="text node function" errors="0" failures="0" skipped="0" timestamp="2022-03-07T16:17:37" time="1.921" tests="1">
    <testcase classname="text node function test text display" name="text node function test text display" time="1.064">
    </testcase>
  </testsuite>
</testsuites>